paper:793,1122;
report_field:6.145833,0.937500,7.979167,1.104167,,SampleID,0,Times New Roman,120,0,0,0,0,0,0,0;
report_field:0.520833,0.937500,2.187500,1.104167,,Name,0,Times New Roman,140,1,0,0,0,0,0,0;
report_field:0.520833,1.145833,2.020833,1.312500,,Sex,0,Times New Roman,120,0,0,0,0,0,0,0;
report_field:0.520833,1.354167,2.687500,1.520833,,Age,0,Times New Roman,120,0,0,0,0,0,0,0;
report_field:2.500000,0.937500,4.333333,1.104167,,PatientID,0,Times New Roman,120,0,0,0,0,0,0,0;
report_field:4.375000,0.937500,6.041667,1.104167,,SampleType,0,Times New Roman,120,0,0,0,0,0,0,0;
report_field:4.375000,1.145833,5.875000,1.312500,,Area,0,Times New Roman,120,0,0,0,0,0,0,0;
report_field:2.500000,1.354167,3.833333,1.520833,,Bed,0,Times New Roman,120,0,0,0,0,0,0,0;
report_field:4.947917,10.416667,6.406250,10.583333,,Checker,0,Times New Roman,120,0,0,0,0,0,0,0;
report_field:2.500000,1.145833,4.166667,1.312500,,Department,0,Times New Roman,120,0,0,0,0,0,0,0;
report_field:4.375000,1.354167,6.041667,1.520833,,Doctor,0,Times New Roman,120,0,0,0,0,0,0,0;
report_field:6.510417,10.416667,8.020833,10.583333,,Verifier,0,Times New Roman,120,0,0,0,0,0,0,0;
report_grid:0.468750,1.614583,7.635417,6.781250,,Result,0,1,0.020833,0,0,0,0.000000,0,0,0,0.000000,0,0,6,0.416667#Times New Roman#105#0#0#0#0#0#0#No.#0|1.562500#Times New Roman#105#0#0#0#0#0#0#Item#0|0.833333#Times New Roman#105#0#0#0#0#0#1#Warnning#0|1.354167#Times New Roman#105#0#0#0#0#0#0#Result#0|1.354167#Times New Roman#105#0#0#0#0#0#0#Unit#0|1.635417#Times New Roman#105#0#0#0#0#0#0#Rang#0;
report_field:0.520833,10.416667,2.708333,10.583333,,TestTime,0,Times New Roman,120,0,0,0,0,0,0,0;
report_field:2.708333,10.416667,4.875000,10.583333,,ReportTime,0,Times New Roman,120,0,0,0,0,0,0,0;
report_field:0.520833,10.677083,7.864583,11.510417,,Note,0,Times New Roman,140,0,0,0,0,0,0,0;
report_field:0.468750,0.625000,7.635417,0.833333,,Title,0,Times New Roman,160,1,0,0,0,0,1,0;
report_field:6.145833,1.145833,8.145833,1.312500,,Barcode,0,Times New Roman,120,0,0,0,0,0,0,0;
report_picture:4.739583,6.875000,7.406250,8.541667,,BASOPIC,0,1,0.000000,0,0,;
report_picture:0.625000,8.645833,3.291667,10.312500,,RBCPIC,0,1,0.000000,0,0,;
report_picture:4.739583,8.645833,7.406250,10.312500,,PLTPIC,0,1,0.000000,0,0,;
report_field:0.468750,0.416667,7.635417,0.750000,,Hospital,0,Times New Roman,180,1,0,0,0,0,1,0;
report_picture:0.625000,6.875000,3.291667,8.541667,,LMNEPIC,0,1,0.000000,0,0,;
report_field:6.145833,1.354167,7.979167,1.520833,,Remarks,0,Times New Roman,120,0,0,0,0,0,0,0;
