paper:793,1122;
report_field:0.468750,1.250000,2.468750,1.416667,,Name,0,Times New Roman,140,1,0,0,0,0,0,0;
report_field:6.145833,1.250000,8.645833,1.416667,,SampleID,0,Times New Roman,120,0,0,0,0,0,0,0;
report_field:0.468750,1.614583,2.802083,1.781250,,Sex,0,Times New Roman,120,0,0,0,0,0,0,0;
report_field:0.468750,1.927083,2.635417,2.093750,,Age,0,Times New Roman,120,0,0,0,0,0,0,0;
report_field:2.500000,1.250000,4.333333,1.416667,,PatientID,0,Times New Roman,120,0,0,0,0,0,0,0;
report_field:4.322917,1.250000,6.156250,1.416667,,SampleType,0,Times New Roman,120,0,0,0,0,0,0,0;
report_field:4.322917,1.614583,6.156250,1.781250,,Area,0,Times New Roman,120,0,0,0,0,0,0,0;
report_field:2.500000,1.927083,3.833333,2.093750,,Bed,0,Times New Roman,120,0,0,0,0,0,0,0;
report_field:4.895833,10.312500,6.406250,10.479167,,Checker,0,Times New Roman,120,0,0,0,0,0,0,0;
report_field:2.500000,1.614583,4.333333,1.781250,,Department,0,Times New Roman,120,0,0,0,0,0,0,0;
report_field:4.322917,1.927083,6.156250,2.093750,,Doctor,0,Times New Roman,120,0,0,0,0,0,0,0;
report_field:6.406250,10.312500,8.125000,10.479167,,Verifier,0,Times New Roman,120,0,0,0,0,0,0,0;
report_grid:0.468750,2.239583,7.635417,10.072917,,Result,0,1,0.020833,0,0,0,0.000000,0,0,0,0.000000,0,0,4,0.312500#Times New Roman#105#0#0#0#0#0#0#No.#0|1.041667#Times New Roman#105#0#0#0#0#0#0#Item#0|2.083333#Times New Roman#105#0#0#0#0#0#0#FullName#0|0.729167#Times New Roman#105#0#0#0#0#0#1#Warnning#0|0.937500#Times New Roman#105#0#0#0#0#0#0#Result#0|0.937500#Times New Roman#105#0#0#0#0#0#0#Unit#0|1.125000#Times New Roman#105#0#0#0#0#0#0#Rang#0;
report_field:0.468750,10.312500,2.656250,10.479167,,TestTime,0,Times New Roman,120,0,0,0,0,0,0,0;
report_field:2.656250,10.312500,4.895833,10.479167,,ReportTime,0,Times New Roman,120,0,0,0,0,0,0,0;
report_field:0.468750,10.677083,7.614583,10.843750,,Note,0,Times New Roman,140,0,0,0,0,0,0,0;
report_field:0.468750,0.781250,7.635417,1.114583,,Title,0,Times New Roman,160,1,0,0,0,0,1,0;
report_field:6.145833,1.614583,8.645833,1.781250,,Barcode,0,Times New Roman,120,0,0,0,0,0,0,0;
report_field:0.468750,0.416667,7.635417,0.750000,,Hospital,0,Times New Roman,180,1,0,0,0,0,1,0;
report_field:6.145833,1.927083,7.812500,2.093750,,Remarks,0,Times New Roman,120,1,0,0,0,0,0,0;
