paper:793,1122;
report_line:0.187500,0.562500,8.083333,0.562500,,,0,0.000000,0,0;
report_grid:0.385417,1.406250,7.916667,11.041667,,item,0,0,0.000000,0,16711680,0,0.000000,0,0,0,0.000000,0,0,5,0.520833#Times New Roman#0#120#0#0#0#0#0#0#p0|0.625000#Times New Roman#0#120#0#0#0#0#0#0#p1|1.458333#Times New Roman#0#120#0#0#0#0#0#0#p2|0.781250#Times New Roman#0#120#0#0#0#0#0#0#p3|0.781250#Times New Roman#0#120#0#0#0#0#0#0#p3.1|1.562500#Times New Roman#0#120#0#0#0#0#0#0#p4|1.302083#Times New Roman#0#120#0#0#0#0#0#0#p5;
report_field:0.677083,0.208333,7.208333,0.510417,,reportTitle,0,Times New Roman,0,240,1,0,0,0,0,1,3,3710092,2,1944118752;;
report_line:0.125000,11.093750,7.906250,11.093750,,,0,0.000000,0,0;
report_grid:0.406250,1.156250,7.968750,1.364583,,itemHead,0,0,0.000000,0,16711680,0,0.000000,0,0,0,0.000000,0,0,5,0.520833#Times New Roman#0#120#0#0#0#0#0#0#p0|0.625000#Times New Roman#0#120#0#0#0#0#0#0#p1|1.458333#Times New Roman#0#120#0#0#0#0#0#0#p2|0.781250#Times New Roman#0#120#0#0#0#0#0#0#p3|0.781250#Times New Roman#0#120#0#0#0#0#0#0#p3.1|1.562500#Times New Roman#0#120#0#0#0#0#0#0#p4|1.302083#Times New Roman#0#120#0#0#0#0#0#0#p5;
report_line:0.177083,1.375000,8.104167,1.375000,,,0,0.000000,0,0;
report_line:0.177083,1.093750,8.072917,1.093750,,,0,0.000000,0,0;
report_field:6.208333,11.156250,7.864583,11.333333,,ReportDate,15,Times New Roman,0,120,0,0,0,0,0,0,8,3710092,2,1944118672;;
report_field:0.229167,11.166667,1.385417,11.354167,,Checker,15,Times New Roman,0,120,0,0,0,0,0,0,9,3710092,2,1944118672;;
report_field:1.656250,11.156250,2.697917,11.354167,,ReChecker,15,Times New Roman,0,120,0,0,0,0,0,0,10,3710092,2,1944118672;;
report_field:2.916667,11.156250,6.104167,11.354167,,Note,15,Times New Roman,0,120,0,0,0,0,0,0,11,3710092,2,1944118672;;
report_field:0.260417,0.593750,1.010417,0.770833,,PatientName,14,Times New Roman,0,120,0,0,0,0,0,0,12,3710092,2,1944118672;;
report_field:3.302083,0.572917,4.385417,0.750000,,PatientSex,14,Times New Roman,0,120,0,0,0,0,0,0,13,3710092,2,1944118672;;
report_field:4.447917,0.572917,5.906250,0.750000,,PatientAge,14,Times New Roman,0,120,0,0,0,0,0,0,14,3710092,2,1944118672;;
report_field:5.968750,0.572917,8.072917,0.750000,,SampleID,14,Times New Roman,0,120,0,0,0,0,0,0,15,3710092,2,1944118672;;
report_field:0.250000,0.739583,1.708333,0.916667,,RegistNo.,14,Times New Roman,0,120,0,0,0,0,0,0,16,3710092,2,1944118672;;
report_field:1.802083,0.750000,3.250000,0.927083,,Department,14,Times New Roman,0,120,0,0,0,0,0,0,17,3710092,2,1944118672;;
report_field:4.447917,0.750000,5.906250,0.927083,,Doctor,14,Times New Roman,0,120,0,0,0,0,0,0,18,3710092,2,1944118672;;
report_field:5.968750,0.750000,8.072917,0.927083,,SampleKind,14,Times New Roman,0,120,0,0,0,0,0,0,19,3710092,2,1944118672;;
report_field:4.447917,0.927083,8.010417,1.104167,,Diagsis,14,Times New Roman,0,120,0,0,0,0,0,0,20,3710092,2,1944118672;;
report_field:1.802083,0.927083,3.291667,1.104167,,Prompt,14,Times New Roman,0,120,0,0,0,0,0,0,21,3710092,2,1944118672;;
report_field:3.302083,0.750000,4.385417,0.927083,,SilkBed,14,Times New Roman,0,120,0,0,0,0,0,0,22,3710092,2,1944118672;;
report_field:0.250000,0.927083,1.708333,1.104167,,CheckDate,14,Times New Roman,0,120,0,0,0,0,0,0,23,3710092,2,1944118672;;
report_field:1.041667,0.572917,2.625000,0.739583,,Patient,14,Times New Roman,0,140,0,0,0,0,0,0,24,3710092,2,1944118672;;
