paper:793,1122;
report_grid:0.000000,0.000000,0.000000,0.000000,,Grid,0,1,0.000000,2,0,1,0.000000,1,0,1,0.000000,0,0,3,0.000000#Times New Roman#0#120#0#0#0#0#0#0#aaaaaaaaaaaaaaaaaaaaaaa|0.000000#Times New Roman#0#120#0#0#0#0#0#0#bb|0.000000#Times New Roman#0#120#0#0#0#0#0#0#cc;
report_picture:0.000000,0.000000,0.000000,0.000000,,,0,1,0.000000,0,0,;
report_label:0.000000,0.000000,0.000000,0.000000,QC Report,ReportTitle,0,Times New Roman,0,160,0,0,0,0,0,1,3,44528772,2,1635204;;
report_label:0.000000,0.000000,0.000000,0.000000,QC time\colon,timeSpan,0,Times New Roman,0,120,0,0,0,0,0,0,4,44528772,2,1635204;;
report_label:0.000000,0.000000,0.000000,0.000000,QC type\colon,type,0,Times New Roman,0,120,0,0,0,0,0,0,5,44528772,2,1635204;;
report_label:0.000000,0.000000,0.000000,0.000000,Item1,Item1,0,Times New Roman,0,120,0,0,0,0,0,0,6,44528772,2,1635204;;
report_field:0.000000,0.000000,0.000000,0.000000,,Fieldname|55555,0,Times New Roman,0,120,0,0,0,0,0,0,7,44528772,2,1635204;;
report_picture:0.000000,0.000000,0.000000,0.000000,,,0,1,0.000000,0,0,;
report_picture:0.000000,0.000000,0.000000,0.000000,,,0,1,0.000000,0,0,;
report_picture:0.000000,0.000000,0.000000,0.000000,,,0,1,0.000000,0,0,;
report_picture:0.000000,0.000000,0.000000,0.000000,,,0,1,0.000000,0,0,;
report_picture:0.000000,0.000000,0.000000,0.000000,,,0,1,0.000000,0,0,;
report_picture:0.000000,0.000000,0.000000,0.000000,,,0,1,0.000000,0,0,;
report_picture:0.000000,0.000000,0.000000,0.000000,,,0,1,0.000000,0,0,;
report_label:0.000000,0.000000,0.000000,0.000000,Label,,0,Times New Roman,0,120,0,0,0,0,0,0,15,44528772,2,1635204;;
report_label:0.000000,0.000000,0.000000,0.000000,QC Report,Title,0,Times New Roman,0,220,0,0,0,0,0,1,16,44528772,2,1635204;;
report_label:0.000000,0.000000,0.000000,0.000000,QC Type\colon,type,0,Times New Roman,0,120,0,0,0,0,0,0,17,44528772,2,1635204;;
report_label:0.000000,0.000000,0.000000,0.000000,QC timespan\colon,type,0,Times New Roman,0,120,0,0,0,0,0,0,18,44528772,2,1635204;;
report_picture:0.000000,0.000000,0.000000,0.000000,,,0,1,0.000000,0,0,;
report_label:0.000000,0.000000,0.000000,0.000000,item1 \colon,item1,0,Times New Roman,0,150,0,0,0,0,0,0,20,44528772,2,1635204;;
report_label:0.000000,0.000000,0.000000,0.000000,Mean \colon,Mean1,0,Times New Roman,0,120,0,0,0,0,0,0,21,44528772,2,1635204;;
report_label:0.000000,0.000000,0.000000,0.000000,SD \colon,SD1,0,Times New Roman,0,120,0,0,0,0,0,0,22,44528772,2,1635204;;
report_label:0.000000,0.000000,0.000000,0.000000,CV% \colon,CV1,0,Times New Roman,0,120,0,0,0,0,0,0,23,44528772,2,1635204;;
report_label:2.166667,0.333333,6.166667,0.833333,QC Chart Report,title,0,Times New Roman,0,220,0,0,0,0,0,1,24,44528772,2,1635204;;
report_picture:1.333333,9.666667,6.833333,10.666667,,,0,1,0.000000,0,0,;
report_label:7.000000,9.666667,7.833333,10.000000,Mean \colon,Mean7,0,Times New Roman,0,120,0,0,0,0,0,0,26,44528772,2,1635204;;
report_label:0.500000,10.000000,1.166667,10.333333,item \colon,item7,0,Times New Roman,0,140,0,0,0,0,0,0,27,44528772,2,1635204;;
report_label:7.000000,10.000000,7.833333,10.333333,SD \colon,SD7,0,Times New Roman,0,120,0,0,0,0,0,0,28,44528772,2,1635204;;
report_label:7.000000,10.333333,7.833333,10.666667,CV% \colon,CV7,0,Times New Roman,0,120,0,0,0,0,0,0,29,44528772,2,1635204;;
report_picture:1.333333,8.333333,6.833333,9.333333,,,0,1,0.000000,0,0,;
report_label:7.000000,8.333333,7.833333,8.666667,Mean \colon,Mean6,0,Times New Roman,0,120,0,0,0,0,0,0,31,44528772,2,1635204;;
report_label:0.500000,8.666667,1.166667,9.000000,item \colon,item6,0,Times New Roman,0,140,0,0,0,0,0,0,32,44528772,2,1635204;;
report_label:7.000000,8.666667,7.833333,9.000000,SD \colon,SD6,0,Times New Roman,0,120,0,0,0,0,0,0,33,44528772,2,1635204;;
report_label:7.000000,9.000000,7.833333,9.333333,CV% \colon,CV6,0,Times New Roman,0,120,0,0,0,0,0,0,34,44528772,2,1635204;;
report_picture:1.333333,7.000000,6.833333,8.000000,,,0,1,0.000000,0,0,;
report_label:7.000000,7.000000,7.833333,7.333333,Mean \colon,Mean5,0,Times New Roman,0,120,0,0,0,0,0,0,36,44528772,2,1635204;;
report_label:0.500000,7.333333,1.166667,7.666667,item \colon,item5,0,Times New Roman,0,140,0,0,0,0,0,0,37,44528772,2,1635204;;
report_label:7.000000,7.333333,7.833333,7.666667,SD \colon,SD5,0,Times New Roman,0,120,0,0,0,0,0,0,38,44528772,2,1635168;;
report_label:7.000000,7.666667,7.833333,8.000000,CV% \colon,CV5,0,Times New Roman,0,120,0,0,0,0,0,0,39,44528772,2,1635204;;
report_picture:1.333333,5.666667,6.833333,6.666667,,,0,1,0.000000,0,0,;
report_label:7.000000,5.666667,7.833333,6.000000,Mean \colon,Mean4,0,Times New Roman,0,120,0,0,0,0,0,0,41,44528772,2,1635204;;
report_label:0.500000,6.000000,1.166667,6.333333,item \colon,item4,0,Times New Roman,0,140,0,0,0,0,0,0,42,44528772,2,1635204;;
report_label:7.000000,6.000000,7.833333,6.333333,SD \colon,SD4,0,Times New Roman,0,120,0,0,0,0,0,0,43,44528772,2,1635204;;
report_label:7.000000,6.333333,7.833333,6.666667,CV% \colon,CV4,0,Times New Roman,0,120,0,0,0,0,0,0,44,44528772,2,1635204;;
report_picture:1.333333,4.333333,6.833333,5.333333,,,0,1,0.000000,0,0,;
report_label:7.000000,4.333333,7.833333,4.666667,Mean \colon,Mean3,0,Times New Roman,0,120,0,0,0,0,0,0,46,44528772,2,1635204;;
report_label:0.500000,4.666667,1.166667,5.000000,item \colon,item3,0,Times New Roman,0,140,0,0,0,0,0,0,47,44528772,2,1635204;;
report_label:7.000000,4.666667,7.833333,5.000000,SD \colon,SD3,0,Times New Roman,0,120,0,0,0,0,0,0,48,44528772,2,1635204;;
report_label:7.000000,5.000000,7.833333,5.333333,CV% \colon,CV3,0,Times New Roman,0,120,0,0,0,0,0,0,49,44528772,2,1635204;;
report_picture:1.333333,3.000000,6.833333,4.000000,,,0,1,0.000000,0,0,;
report_label:7.000000,3.000000,7.833333,3.333333,Mean \colon,Mean2,0,Times New Roman,0,120,0,0,0,0,0,0,51,44528772,2,1635204;;
report_label:0.500000,3.333333,1.166667,3.666667,item \colon,item2,0,Times New Roman,0,140,0,0,0,0,0,0,52,44528772,2,1635204;;
report_label:7.000000,3.333333,7.833333,3.666667,SD \colon,SD2,0,Times New Roman,0,120,0,0,0,0,0,0,53,44528772,2,1635204;;
report_label:7.000000,3.666667,7.833333,4.000000,CV% \colon,CV2,0,Times New Roman,0,120,0,0,0,0,0,0,54,44528772,2,1635204;;
report_picture:1.333333,1.666667,6.833333,2.666667,,,0,1,0.000000,0,0,;
report_label:7.000000,1.666667,7.833333,2.000000,Mean \colon,Mean1,0,Times New Roman,0,120,0,0,0,0,0,0,56,44528772,2,1635204;;
report_label:0.500000,2.000000,1.166667,2.333333,item \colon,item1,0,Times New Roman,0,140,0,0,0,0,0,0,57,44528772,2,1635204;;
report_label:7.000000,2.000000,7.833333,2.333333,SD \colon,SD1,0,Times New Roman,0,120,0,0,0,0,0,0,58,44528772,2,1635204;;
report_label:7.000000,2.333333,7.833333,2.666667,CV% \colon,CV1,0,Times New Roman,0,120,0,0,0,0,0,0,59,44528772,2,1635204;;
report_label:0.666667,0.833333,2.666667,1.166667,QC type \colon,type,0,Times New Roman,0,120,0,0,0,0,0,0,60,44528772,2,1635204;;
report_label:3.500000,1.166667,7.000000,1.500000,deadline \colon,deadline,0,Times New Roman,0,120,0,0,0,0,0,0,61,44528772,2,1635204;;
report_label:4.833333,10.833333,7.000000,11.166667,pageNum,pageNum,0,Times New Roman,0,120,0,0,0,0,0,0,62,44528772,2,1635204;;
report_label:1.000000,10.833333,3.166667,11.166667,done \colon,done,0,Times New Roman,0,120,0,0,0,0,0,0,63,44528772,2,1635204;;
report_label:0.666667,1.166667,2.666667,1.500000,number \colon,number,0,Times New Roman,0,120,0,0,0,0,0,0,64,44528772,2,1635204;;
