paper:793,1122;
report_field:0.520833,0.989583,2.000000,1.197917,,Name,0,Times New Roman,140,1,0,0,0,0,0,0,1,43331916,2,1636136;;
report_field:5.781250,0.989583,8.281250,1.197917,,SampleID,0,Times New Roman,120,0,0,0,0,0,0,0,2,43331916,2,1636252;;
report_field:0.520833,1.250000,1.979167,1.458333,,Sex,0,Times New Roman,120,0,0,0,0,0,0,0,3,43331916,2,1636252;;
report_field:0.520833,1.510417,1.979167,1.770833,,Age,0,Times New Roman,120,0,0,0,0,0,0,0,4,43331916,2,1636252;;
report_field:2.135417,0.989583,3.906250,1.197917,,PatientID,0,Times New Roman,120,0,0,0,0,0,0,0,5,43331916,2,1636252;;
report_field:3.958333,0.989583,5.833333,1.197917,,SampleType,0,Times New Roman,120,0,0,0,0,0,0,0,6,43331916,2,1636252;;
report_field:3.958333,1.250000,5.729167,1.458333,,Area,0,Times New Roman,120,0,0,0,0,0,0,0,7,43331916,2,1636252;;
report_field:2.135417,1.510417,3.906250,1.770833,,Bed,0,Times New Roman,120,0,0,0,0,0,0,0,8,43331916,2,1636252;;
report_field:5.208333,10.916667,6.562500,11.125000,,Checker,0,Times New Roman,120,0,0,0,0,0,0,0,9,43331916,2,1636252;;
report_field:2.135417,1.250000,3.906250,1.458333,,Department,0,Times New Roman,120,0,0,0,0,0,0,0,10,43331916,2,1636252;;
report_field:3.958333,1.510417,5.781250,1.770833,,Doctor,0,Times New Roman,120,0,0,0,0,0,0,0,11,43331916,2,1636252;;
report_field:6.614583,10.916667,7.916667,11.125000,,Verifier,0,Times New Roman,120,0,0,0,0,0,0,0,12,43331916,2,1636252;;
report_grid:0.500000,1.833333,7.666667,7.000000,,Result,0,1,0.000000,0,0,0,0.000000,0,0,0,0.000000,0,0,6,0.312500#Times New Roman#105#0#0#0#0#0#0#0#0|1.041667#Times New Roman#105#0#0#0#0#0#0#0#0|2.083333#Times New Roman#105#0#0#0#0#0#0#0#0|0.729167#Times New Roman#105#0#0#0#0#0#1#0#0|0.937500#Times New Roman#105#0#0#0#0#0#0#0#0|0.937500#Times New Roman#105#0#0#0#0#0#0#0#0|1.125000#Times New Roman#105#0#0#0#0#0#0#0#0;
report_field:0.520833,10.916667,2.864583,11.135417,,TestTime,0,Times New Roman,120,0,0,0,0,0,0,0,14,43331916,2,36;;
report_field:2.875000,10.916667,5.010417,11.125000,,ReportTime,0,Times New Roman,120,0,0,0,0,0,0,0,15,43331916,2,1636252;;
report_field:0.520833,11.177083,7.687500,11.395833,,Note,0,Times New Roman,140,0,0,0,0,0,0,0,16,43331916,2,1636252;;
report_field:0.520833,0.625000,7.656250,0.885417,,Title,0,Times New Roman,160,1,0,0,0,0,1,0,17,43331916,2,1636252;;
report_field:5.781250,1.250000,8.281250,1.458333,,Barcode,0,Times New Roman,120,0,0,0,0,0,0,0,18,43331916,2,1636252;;
report_picture:4.854167,7.635417,7.510417,9.125000,BASO.bmp,BASOPIC,0,1,0.000000,0,0,D\colon\MyWorks\Visual_studio\BCGPChartExample\BASO.bmp;
report_picture:0.677083,9.302083,3.166667,10.833333,RBC.bmp,RBCPIC,0,1,0.000000,0,0,D\colon\MyWorks\Visual_studio\BCGPChartExample\RBC.bmp;
report_picture:4.843750,9.281250,7.520833,10.802083,PLT.bmp,PLTPIC,0,1,0.000000,0,0,D\colon\MyWorks\Visual_studio\BCGPChartExample\PLT.bmp;
report_field:0.520833,0.364583,7.635417,0.697917,,Hospital,0,Times New Roman,180,1,0,0,0,0,1,0,22,43331916,2,1636252;;
report_picture:0.697917,7.187500,3.187500,9.208333,LMNE.bmp,LMNEPIC,0,1,0.000000,0,0,..\LMNE.bmp;
report_field:5.781250,1.510417,8.281250,1.770833,,Remarks,0,Times New Roman,120,1,0,0,0,0,0,0,24,43331916,2,1636252;;
