paper:793,1122;
report_field:5.989583,0.781250,7.989583,0.947917,,SampleID,0,Times New Roman,100,0,0,0,0,0,0,0,1,55445796,2,1927505467;;
report_field:0.520833,0.781250,2.187500,0.947917,,Name,0,Times New Roman,120,1,0,0,0,0,0,0,2,55445796,2,1927505467;;
report_field:0.520833,0.937500,2.187500,1.104167,,Sex,0,Times New Roman,100,0,0,0,0,0,0,0,3,55445796,2,1927505467;;
report_field:0.520833,1.093750,2.187500,1.260417,,Age,0,Times New Roman,100,0,0,0,0,0,0,0,4,55445796,2,1927505467;;
report_field:2.187500,0.781250,3.854167,0.947917,,PatientID,0,Times New Roman,100,0,0,0,0,0,0,0,5,55445796,2,1927505467;;
report_field:4.010417,0.781250,5.843750,0.947917,,SampleType,0,Times New Roman,100,0,0,0,0,0,0,0,6,55445796,2,1927505467;;
report_field:4.010417,0.937500,5.843750,1.104167,,Area,0,Times New Roman,105,0,0,0,0,0,0,0,7,55445796,2,1927505467;;
report_field:2.187500,1.093750,3.854167,1.260417,,Bed,0,Times New Roman,100,0,0,0,0,0,0,0,8,55445796,2,1927505467;;
report_field:4.687500,5.104167,6.187500,5.270833,,Checker,0,Times New Roman,100,0,0,0,0,0,0,0,9,55445796,2,1927505467;;
report_field:2.187500,0.937500,3.854167,1.104167,,Department,0,Times New Roman,100,0,0,0,0,0,0,0,10,55445796,2,1927505467;;
report_field:4.010417,1.093750,5.843750,1.260417,,Doctor,0,Times New Roman,100,0,0,0,0,0,0,0,11,55445796,2,1927505467;;
report_field:6.197917,5.104167,8.031250,5.270833,,Verifier,0,Times New Roman,100,0,0,0,0,0,0,0,12,55445796,2,1927505467;;
report_grid:0.333333,1.333333,4.166667,4.000000,,Result,0,0,0.000000,0,0,0,0.000000,0,0,0,0.000000,0,0,6,0.208333#Times New Roman#100#0#0#0#0#0#0#0#0|0.572917#Times New Roman#100#0#0#0#0#0#0#0#0|1.437500#Times New Roman#100#0#0#0#0#0#0#0#0|0.156250#Times New Roman#100#0#0#0#0#0#1#0#0|0.416667#Times New Roman#100#0#0#0#0#0#0#0#0|0.468750#Times New Roman#100#0#0#0#0#0#0#0#0|0.572917#Times New Roman#100#0#0#0#0#0#0#0#0;
report_field:0.364583,5.104167,2.364583,5.270833,,TestTime,0,Times New Roman,100,0,0,0,0,0,0,0,14,55445796,2,55395960;;
report_field:2.500000,5.104167,4.333333,5.270833,,ReportTime,0,Times New Roman,100,0,0,0,0,0,0,0,15,55445796,2,1927505467;;
report_field:0.333333,5.333333,8.000000,5.500000,,Note,0,Times New Roman,120,1,0,0,0,0,0,0,16,55445796,2,1927505467;;
report_field:0.468750,0.468750,7.968750,0.677083,,Title,0,Times New Roman,160,1,0,0,0,0,1,0,17,55445796,2,1927505467;;
report_field:5.989583,0.937500,7.989583,1.104167,,Barcode,0,Times New Roman,100,0,0,0,0,0,0,0,18,55445796,2,1927505467;;
report_field:0.625000,0.208333,7.791667,0.468750,,Hospital,0,Times New Roman,180,1,0,0,0,0,1,0,19,55445796,2,1927505467;;
report_picture:4.333333,4.010417,6.000000,5.000000,RBC.bmp,RBCPIC,0,1,0.000000,0,0,..\res\RBC.bmp;
report_picture:6.333333,4.000000,8.000000,5.000000,PLT.bmp,PLTPIC,0,1,0.000000,0,0,..\res\PLT.bmp;
report_picture:2.333333,4.000000,4.000000,5.000000,BASO.bmp,BASOPIC,0,1,0.000000,0,0,..\res\BASO.bmp;
report_picture:0.333333,4.000000,2.000000,5.000000,LMNE.bmp,LMNEPIC,0,1,0.000000,0,0,..\res\LMNE.bmp;
report_grid:4.166667,1.333333,7.989583,4.000000,,Result2,0,0,0.000000,0,0,0,0.000000,0,0,0,0.000000,0,0,6,0.208333#Times New Roman#100#0#0#0#0#0#0#0#0|0.572917#Times New Roman#100#0#0#0#0#0#0#0#0|1.510417#Times New Roman#100#0#0#0#0#0#0#0#0|0.156250#Times New Roman#100#0#0#0#0#0#1#0#0|0.416667#Times New Roman#100#0#0#0#0#0#0#0#0|0.468750#Times New Roman#100#0#0#0#0#0#0#0#0|0.572917#Times New Roman#100#0#0#0#0#0#0#0#0;
report_field:5.989583,1.093750,7.989583,1.260417,,Remarks,0,Times New Roman,100,1,0,0,0,0,0,0,25,55445796,2,55395960;;
report_line:0.364583,1.302083,8.031250,1.302083,,,0,0.020833,0,0;
report_line:0.343750,3.968750,8.010417,3.968750,,,0,0.020833,0,0;
report_line:4.166667,1.302083,4.166667,3.968750,,,0,0.020833,0,0;
report_line:0.364583,1.458333,8.031250,1.458333,,,0,0.010417,0,0;
