paper:793,1122;
report_field:5.833333,0.781250,7.833333,0.947917,,SampleID,0,Times New Roman,100,0,0,0,0,0,0,0;
report_field:0.260417,0.781250,2.239583,0.947917,,Name,0,Times New Roman,120,1,0,0,0,0,0,0;
report_field:0.260417,0.937500,1.927083,1.104167,,Sex,0,Times New Roman,100,0,0,0,0,0,0,0;
report_field:0.260417,1.093750,1.927083,1.260417,,Age,0,Times New Roman,100,0,0,0,0,0,0,0;
report_field:2.239583,0.781250,3.802083,0.947917,,PatientID,0,Times New Roman,100,0,0,0,0,0,0,0;
report_field:3.854167,0.781250,5.687500,0.947917,,SampleType,0,Times New Roman,100,0,0,0,0,0,0,0;
report_field:3.854167,0.937500,5.687500,1.104167,,Area,0,Times New Roman,105,0,0,0,0,0,0,0;
report_field:2.239583,1.093750,3.802083,1.260417,,Bed,0,Times New Roman,100,0,0,0,0,0,0,0;
report_field:4.531250,5.104167,6.031250,5.270833,,Checker,0,Times New Roman,100,0,0,0,0,0,0,0;
report_field:2.239583,0.937500,3.802083,1.104167,,Department,0,Times New Roman,100,0,0,0,0,0,0,0;
report_field:3.854167,1.093750,5.687500,1.229167,,Doctor,0,Times New Roman,100,0,0,0,0,0,0,0;
report_field:6.041667,5.104167,7.875000,5.270833,,Verifier,0,Times New Roman,100,0,0,0,0,0,0,0;
report_grid:0.208333,1.302083,4.041667,3.968750,,Result,0,0,0.000000,0,0,0,0.000000,0,0,0,0.000000,0,0,6,0.208333#Times New Roman#100#0#0#0#0#0#0#No.#0|0.572917#Times New Roman#100#0#0#0#0#0#0#Item#0|0.937500#Times New Roman#100#0#0#0#0#0#1#Warnning#0|0.520833#Times New Roman#100#0#0#0#0#0#0#Result#0|0.833333#Times New Roman#100#0#0#0#0#0#0#Unit#0|0.572917#Times New Roman#100#0#0#0#0#0#0#Rang#0;
report_field:0.208333,5.104167,2.208333,5.270833,,TestTime,0,Times New Roman,100,0,0,0,0,0,0,0;
report_field:2.343750,5.104167,4.177083,5.270833,,ReportTime,0,Times New Roman,100,0,0,0,0,0,0,0;
report_field:0.156250,5.260417,8.156250,5.427083,,Note,0,Times New Roman,100,1,0,0,0,0,0,0;
report_field:0.166667,0.500000,7.875000,0.708333,,Title,0,Times New Roman,160,1,0,0,0,0,1,0;
report_field:5.833333,0.937500,7.833333,1.104167,,Barcode,0,Times New Roman,100,0,0,0,0,0,0,0;
report_field:0.260417,0.260417,7.864583,0.520833,,Hospital,0,Times New Roman,180,1,0,0,0,0,1,0;
report_picture:4.166667,4.010417,5.833333,5.010417,,RBCPIC,0,1,0.000000,0,0,;
report_picture:6.197917,4.010417,7.864583,5.010417,,PLTPIC,0,1,0.000000,0,0,;
report_picture:2.187500,4.010417,3.854167,5.010417,,BASOPIC,0,1,0.000000,0,0,;
report_picture:0.208333,4.010417,1.875000,5.010417,,LMNEPIC,0,1,0.000000,0,0,;
report_grid:4.010417,1.302083,7.843750,3.968750,,Result2,0,0,0.000000,0,0,0,0.000000,0,0,0,0.000000,0,0,6,0.208333#Times New Roman#100#0#0#0#0#0#0#No.#0|0.572917#Times New Roman#100#0#0#0#0#0#0#Item#0|0.937500#Times New Roman#100#0#0#0#0#0#1#Warnning#0|0.520833#Times New Roman#100#0#0#0#0#0#0#Result#0|0.833333#Times New Roman#100#0#0#0#0#0#0#Unit#0|0.572917#Times New Roman#100#0#0#0#0#0#0#Rang#0;
report_field:5.833333,1.093750,7.833333,1.260417,,Remarks,0,Times New Roman,100,1,0,0,0,0,0,0;
report_line:0.208333,1.302083,7.875000,1.302083,,,0,0.020833,0,0;
report_line:0.208333,3.958333,7.875000,3.958333,,,0,0.020833,0,0;
report_line:3.906250,1.302083,3.906250,3.968750,,,0,0.020833,0,0;
report_line:0.208333,1.458333,7.875000,1.458333,,,0,0.010417,0,0;
