paper:793,1122;
report_field:5.833333,0.989583,7.833333,1.156250,,SampleID,0,Times New Roman,100,0,0,0,0,0,0,0;
report_field:0.208333,0.989583,1.875000,1.156250,,Name,0,Times New Roman,120,1,0,0,0,0,0,0;
report_field:0.208333,1.145833,1.875000,1.312500,,Sex,0,Times New Roman,100,0,0,0,0,0,0,0;
report_field:0.208333,1.302083,1.875000,1.468750,,Age,0,Times New Roman,100,0,0,0,0,0,0,0;
report_field:2.135417,0.989583,3.802083,1.156250,,PatientID,0,Times New Roman,100,0,0,0,0,0,0,0;
report_field:3.854167,0.989583,5.854167,1.156250,,SampleType,0,Times New Roman,100,0,0,0,0,0,0,0;
report_field:3.854167,1.145833,5.854167,1.312500,,Area,0,Times New Roman,100,0,0,0,0,0,0,0;
report_field:2.135417,1.302083,3.802083,1.468750,,Bed,0,Times New Roman,100,0,0,0,0,0,0,0;
report_field:4.531250,4.895833,5.864583,5.062500,,Checker,0,Times New Roman,100,0,0,0,0,0,0,0;
report_field:2.135417,1.145833,3.802083,1.312500,,Department,0,Times New Roman,100,0,0,0,0,0,0,0;
report_field:3.854167,1.302083,5.854167,1.468750,,Doctor,0,Times New Roman,100,0,0,0,0,0,0,0;
report_field:6.041667,4.895833,7.541667,5.062500,,Verifier,0,Times New Roman,100,0,0,0,0,0,0,0;
report_field:0.208333,4.895833,2.041667,5.062500,,TestTime,0,Times New Roman,100,0,0,0,0,0,0,0;
report_grid:0.208333,1.562500,4.041667,4.729167,,Result,0,0,0.000000,0,0,0,0.000000,0,0,0,0.000000,0,0,5,0.208333#Times New Roman#100#0#0#0#0#0#0#No.#0|0.572917#Times New Roman#100#0#0#0#0#0#0#Item#0|0.937500#Times New Roman#100#0#0#0#0#0#1#Warnning#0|0.520833#Times New Roman#100#0#0#0#0#0#0#Result#0|0.833333#Times New Roman#100#0#0#0#0#0#0#Unit#0|0.572917#Times New Roman#100#0#0#0#0#0#0#Rang#0;
report_field:2.187500,4.895833,4.187500,5.062500,,ReportTime,0,Times New Roman,100,0,0,0,0,0,0,0;
report_field:0.156250,0.625000,7.989583,0.833333,,Title,0,Times New Roman,160,1,0,0,0,0,1,0;
report_field:5.833333,1.145833,7.833333,1.312500,,Barcode,0,Times New Roman,100,0,0,0,0,0,0,0;
report_field:0.156250,0.364583,7.989583,0.625000,,Hospital,0,Times New Roman,180,1,0,0,0,0,1,0;
report_grid:4.010417,1.562500,8.010417,4.729167,,Result2,0,0,0.000000,0,0,0,0.000000,0,0,0,0.000000,0,0,5,0.208333#Times New Roman#100#0#0#0#0#0#0#No.#0|0.572917#Times New Roman#100#0#0#0#0#0#0#Item#0|0.937500#Times New Roman#100#0#0#0#0#0#1#Warnning#0|0.520833#Times New Roman#100#0#0#0#0#0#0#Result#0|0.833333#Times New Roman#100#0#0#0#0#0#0#Unit#0|0.572917#Times New Roman#100#0#0#0#0#0#0#Rang#0;
report_field:5.833333,1.302083,7.833333,1.468750,,Remarks,0,Times New Roman,100,1,0,0,0,0,0,0;
report_line:0.208333,1.562500,8.041667,1.562500,,,0,0.020833,0,0;
report_line:0.208333,4.739583,8.041667,4.739583,,,0,0.020833,0,0;
report_line:4.010417,1.562500,4.010417,4.729167,,,0,0.020833,0,0;
report_line:0.208333,1.770833,8.041667,1.770833,,,0,0.000000,0,0;
report_field:0.156250,5.312500,8.156250,5.479167,,Note,0,Times New Roman,100,1,0,0,0,0,0,0;
