paper:793,1122;
report_field:6.041667,1.093750,8.229167,1.260417,,SampleID,0,Times New Roman,120,0,0,0,0,0,0,0;
report_field:0.468750,1.093750,2.635417,1.302083,,Name,0,Times New Roman,140,1,0,0,0,0,0,0;
report_field:0.468750,1.406250,2.635417,1.572917,,Sex,0,Times New Roman,120,0,0,0,0,0,0,0;
report_field:0.468750,1.666667,2.635417,1.833333,,Age,0,Times New Roman,120,0,0,0,0,0,0,0;
report_field:2.656250,1.093750,4.156250,1.260417,,PatientID,0,Times New Roman,120,0,0,0,0,0,0,0;
report_field:4.427083,1.093750,5.989583,1.260417,,SampleType,0,Times New Roman,120,0,0,0,0,0,0,0;
report_field:4.427083,1.406250,5.989583,1.572917,,Area,0,Times New Roman,120,0,0,0,0,0,0,0;
report_field:2.656250,1.666667,4.156250,1.833333,,Bed,0,Times New Roman,120,0,0,0,0,0,0,0;
report_field:4.833333,10.000000,6.333333,10.166667,,Checker,0,Times New Roman,120,0,0,0,0,0,0,0;
report_field:2.656250,1.406250,4.156250,1.572917,,Department,0,Times New Roman,120,0,0,0,0,0,0,0;
report_field:4.427083,1.666667,5.989583,1.833333,,Doctor,0,Times New Roman,120,0,0,0,0,0,0,0;
report_field:6.333333,10.000000,7.833333,10.166667,,Verifier,0,Times New Roman,120,0,0,0,0,0,0,0;
report_grid:0.468750,1.979167,7.635417,9.812500,,Result,0,1,0.020833,0,0,0,0.000000,0,0,0,0.000000,0,0,4,0.416667#Times New Roman#105#0#0#0#0#0#0#No.#0|1.562500#Times New Roman#105#0#0#0#0#0#0#Item#0|0.833333#Times New Roman#105#0#0#0#0#0#1#Warnning#0|1.354167#Times New Roman#105#0#0#0#0#0#0#Result#0|1.354167#Times New Roman#105#0#0#0#0#0#0#Unit#0|1.635417#Times New Roman#105#0#0#0#0#0#0#Rang#0;
report_field:0.468750,10.000000,2.468750,10.166667,,TestTime,0,Times New Roman,120,0,0,0,0,0,0,0;
report_field:2.500000,10.000000,4.833333,10.166667,,ReportTime,0,Times New Roman,120,0,0,0,0,0,0,0;
report_field:0.468750,10.312500,7.760417,10.979167,,Note,0,Times New Roman,140,0,0,0,0,0,0,0;
report_field:0.416667,0.729167,7.583333,1.062500,,Title,0,Times New Roman,160,1,0,0,0,0,1,0;
report_field:6.041667,1.406250,8.229167,1.572917,,Barcode,0,Times New Roman,120,0,0,0,0,0,0,0;
report_field:0.416667,0.520833,7.583333,0.854167,,Hospital,0,Times New Roman,180,1,0,0,0,0,1,0;
report_field:6.041667,1.666667,8.229167,1.833333,,Remarks,0,Times New Roman,120,0,0,0,0,0,0,0;
