paper:793,1122;
report_field:5.885417,0.989583,7.885417,1.156250,,SampleID,0,Times New Roman,100,0,0,0,0,0,0,0;
report_field:0.364583,0.989583,2.031250,1.156250,,Name,0,Times New Roman,120,1,0,0,0,0,0,0;
report_field:0.364583,1.197917,2.031250,1.364583,,Sex,0,Times New Roman,100,0,0,0,0,0,0,0;
report_field:0.364583,1.406250,2.031250,1.572917,,Age,0,Times New Roman,100,0,0,0,0,0,0,0;
report_field:2.031250,0.989583,3.864583,1.156250,,PatientID,0,Times New Roman,100,0,0,0,0,0,0,0;
report_field:3.854167,0.989583,5.854167,1.156250,,SampleType,0,Times New Roman,100,0,0,0,0,0,0,0;
report_field:3.854167,1.197917,5.854167,1.364583,,Area,0,Times New Roman,100,0,0,0,0,0,0,0;
report_field:2.031250,1.406250,3.864583,1.572917,,Bed,0,Times New Roman,100,0,0,0,0,0,0,0;
report_field:4.531250,5.000000,5.864583,5.166667,,Checker,0,Times New Roman,100,0,0,0,0,0,0,0;
report_field:2.031250,1.197917,3.864583,1.364583,,Department,0,Times New Roman,100,0,0,0,0,0,0,0;
report_field:3.854167,1.406250,5.854167,1.572917,,Doctor,0,Times New Roman,100,0,0,0,0,0,0,0;
report_field:6.041667,5.000000,7.541667,5.166667,,Verifier,0,Times New Roman,100,0,0,0,0,0,0,0;
report_field:0.208333,5.000000,2.041667,5.156250,,TestTime,0,Times New Roman,100,0,0,0,0,0,0,0;
report_grid:0.208333,1.666667,4.041667,4.833333,,Result,0,0,0.000000,0,0,0,0.000000,0,0,0,0.000000,0,0,5,0.208333#Times New Roman#100#0#0#0#0#0#0#No.#0|0.572917#Times New Roman#100#0#0#0#0#0#0#Item#0|1.437500#Times New Roman#100#0#0#0#0#0#0#FullName#0|0.156250#Times New Roman#100#0#0#0#0#0#1#Warnning#0|0.416667#Times New Roman#100#0#0#0#0#0#0#Result#0|0.468750#Times New Roman#100#0#0#0#0#0#0#Unit#0|0.572917#Times New Roman#100#0#0#0#0#0#0#Rang#0;
report_field:2.187500,5.000000,4.187500,5.166667,,ReportTime,0,Times New Roman,100,0,0,0,0,0,0,0;
report_field:0.208333,0.625000,8.041667,0.833333,,Title,0,Times New Roman,160,1,0,0,0,0,1,0;
report_field:5.885417,1.197917,7.885417,1.364583,,Barcode,0,Times New Roman,100,0,0,0,0,0,0,0;
report_field:0.208333,0.312500,8.041667,0.572917,,Hospital,0,Times New Roman,180,1,0,0,0,0,1,0;
report_grid:4.062500,1.666667,8.062500,4.833333,,Result2,0,0,0.000000,0,0,0,0.000000,0,0,0,0.000000,0,0,5,0.208333#Times New Roman#100#0#0#0#0#0#0#No.#0|0.572917#Times New Roman#100#0#0#0#0#0#0#Item#0|1.510417#Times New Roman#100#0#0#0#0#0#0#FullName#0|0.156250#Times New Roman#100#0#0#0#0#0#1#Warnning#0|0.416667#Times New Roman#100#0#0#0#0#0#0#Result#0|0.468750#Times New Roman#100#0#0#0#0#0#0#Unit#0|0.572917#Times New Roman#100#0#0#0#0#0#0#Rang#0;
report_field:5.885417,1.406250,7.885417,1.572917,,Remarks,0,Times New Roman,100,1,0,0,0,0,0,0;
report_line:0.208333,1.666667,8.041667,1.666667,,,0,0.020833,0,0;
report_line:0.208333,4.843750,8.041667,4.843750,,,0,0.020833,0,0;
report_line:4.062500,1.666667,4.062500,4.833333,,,0,0.020833,0,0;
report_line:0.208333,1.822917,8.041667,1.822917,,,0,0.000000,0,0;
report_field:0.208333,5.312500,7.375000,5.479167,,Note,0,Times New Roman,120,1,0,0,0,0,0,0;
