paper:793,1122;
report_field:0.812500,0.187500,7.281250,0.489583,,reportTitle,0,Ó×Ô²,134,140,1,0,0,0,0,1,1,3710092,2,1243284;;
report_line:1.531250,3.156250,7.979167,3.156250,,,0,0.000000,0,0;
report_grid:1.572917,0.562500,4.750000,0.833333,,itemHead,0,0,0.000000,0,16711680,0,0.000000,0,0,0,0.000000,0,0,4,0.218750#Times New Roman#0#90#0#0#0#0#0#0#0|0.447917#Times New Roman#0#90#0#0#0#0#0#0#1|0.770833#Times New Roman#0#90#0#0#0#0#0#0#2|0.520833#Times New Roman#0#90#0#0#0#0#0#0#3|0.010417#Times New Roman#0#120#0#0#0#0#0#0#3.1|0.520833#Times New Roman#0#90#0#0#0#0#0#0#4|0.968750#Times New Roman#0#90#0#0#0#0#0#0#5;
report_line:4.760417,0.562500,4.760417,3.166667,,,0,0.000000,0,0;
report_grid:4.802083,0.552083,7.843750,0.822917,,itemHead1,0,0,0.000000,0,16711680,0,0.000000,0,0,0,0.000000,0,0,4,0.218750#Times New Roman#0#90#0#0#0#0#0#0#0|0.447917#Times New Roman#0#90#0#0#0#0#0#0#1|0.770833#Times New Roman#0#90#0#0#0#0#0#0#2|0.520833#Times New Roman#0#90#0#0#0#0#0#0#3|0.010417#Times New Roman#0#120#0#0#0#0#0#0#3.1|0.520833#Times New Roman#0#90#0#0#0#0#0#0#4|0.968750#Times New Roman#0#90#0#0#0#0#0#0#5;
report_line:1.562500,0.812500,7.989583,0.812500,,,0,0.000000,0,0;
report_line:1.552083,0.552083,7.979167,0.552083,,,0,0.000000,0,0;
report_grid:4.791667,0.843750,7.875000,3.125000,,item1,0,0,0.000000,0,16711680,0,0.000000,0,0,0,0.000000,0,0,4,0.218750#Times New Roman#0#90#0#0#0#0#0#0#0|0.447917#Times New Roman#0#90#0#0#0#0#0#0#1|0.770833#Times New Roman#0#90#0#0#0#0#0#0#2|0.520833#Times New Roman#0#90#0#0#0#0#0#0#3|0.010417#Times New Roman#0#120#0#0#0#0#0#0#3.1|0.520833#Times New Roman#0#90#0#0#0#0#0#0#4|0.968750#Times New Roman#0#90#0#0#0#0#0#0#5;
report_grid:1.572917,0.854167,4.739583,3.135417,,item,0,0,0.000000,0,16711680,0,0.000000,0,0,0,0.000000,0,0,4,0.218750#Times New Roman#0#90#0#0#0#0#0#0#0|0.447917#Times New Roman#0#90#0#0#0#0#0#0#1|0.770833#Times New Roman#0#90#0#0#0#0#0#0#2|0.520833#Times New Roman#0#90#0#0#0#0#0#0#3|0.010417#Times New Roman#0#120#0#0#0#0#0#0#3.1|0.520833#Times New Roman#0#90#0#0#0#0#0#0#4|0.968750#Times New Roman#0#90#0#0#0#0#0#0#5;
report_field:0.270833,0.697917,1.447917,0.875000,,PatientName,0,Times New Roman,0,90,1,0,0,0,0,0,10,3710092,2,1944118752;;
report_field:0.270833,0.906250,1.427083,1.083333,,PatientSex,0,Times New Roman,0,90,0,0,0,0,0,0,11,3710092,2,1944118672;;
report_field:0.270833,1.093750,1.500000,1.270833,,PatientAge,0,Times New Roman,0,90,0,0,0,0,0,0,12,3710092,2,1944118672;;
report_field:6.531250,0.281250,7.843750,0.427083,,SampleID,0,Times New Roman,0,90,0,0,0,0,0,0,13,3710092,2,1944118672;;
report_field:0.260417,0.406250,1.385417,0.583333,,RegistNo.,0,Times New Roman,0,90,0,0,0,0,0,0,14,3710092,2,1944118672;;
report_field:0.270833,1.302083,1.395833,1.468750,,Department,0,Times New Roman,0,90,0,0,0,0,0,0,15,3710092,2,1944118672;;
report_field:1.614583,3.229167,2.760417,3.406250,,Doctor,0,Times New Roman,0,90,0,0,0,0,0,0,16,3710092,2,1944118672;;
report_field:0.281250,1.697917,1.479167,1.885417,,SampleKind,0,Times New Roman,0,90,0,0,0,0,0,0,17,3710092,2,1944118672;;
report_field:0.281250,2.281250,1.479167,2.458333,,Diagsis,0,Times New Roman,0,90,0,0,0,0,0,0,18,3710092,2,1944118672;;
report_field:1.614583,3.375000,2.791667,3.552083,,Prompt,0,Times New Roman,0,90,0,0,0,0,0,0,19,3710092,2,1944118672;;
report_field:0.281250,1.510417,1.479167,1.677083,,SilkBed,0,Times New Roman,0,90,0,0,0,0,0,0,20,3710092,2,1944118672;;
report_field:0.270833,1.895833,1.500000,2.229167,,CheckDate,0,Times New Roman,0,90,0,0,0,0,0,0,21,3710092,2,1944118672;;
report_field:1.552083,0.354167,2.833333,0.510417,,Patient,0,Times New Roman,0,120,1,0,0,0,0,0,22,3710092,2,1944118672;;
report_field:4.208333,3.229167,5.479167,3.572917,,ReportDate,0,Times New Roman,0,90,0,0,0,0,0,0,23,3710092,2,1944118672;;
report_field:5.531250,3.218750,6.760417,3.406250,,Checker,0,Times New Roman,0,90,0,0,0,0,0,0,24,3710092,2,1944118672;;
report_field:6.833333,3.218750,7.875000,3.416667,,ReChecker,0,Times New Roman,0,90,0,0,0,0,0,0,25,3710092,2,1944118672;;
report_field:0.281250,2.500000,1.041667,2.697917,,Note,0,Times New Roman,0,90,0,0,0,0,0,0,26,3710092,2,1944118672;;
report_line:1.552083,0.572917,1.552083,3.166667,,,0,0.000000,0,0;
report_line:1.791667,0.562500,1.791667,3.156250,,,0,0.000000,0,0;
report_label:0.270833,2.781250,1.479167,2.968750,±¸×¢£º,,0,Times New Roman,0,90,0,0,0,0,0,0,29,3710092,2,1944118672;;
report_label:0.281250,3.125000,1.458333,3.343750,×¢£º   Æ«¸ß¡ü  Æ«µÍ¡ý,,0,Times New Roman,0,90,0,0,0,0,0,0,30,3710092,2,1944118672;;
report_line:7.989583,0.552083,7.989583,3.156250,,,0,0.000000,0,0;
report_line:2.208333,0.572917,2.208333,3.156250,,,0,0.000000,0,0;
report_line:2.979167,0.562500,2.979167,3.166667,,,0,0.000000,0,0;
report_line:3.489583,0.572917,3.489583,3.166667,,,0,0.000000,0,0;
report_line:4.052083,0.572917,4.052083,3.156250,,,0,0.000000,0,0;
report_label:2.468750,3.333333,2.468750,3.333333,Label,,0,Times New Roman,0,120,0,0,0,0,0,0,36,3710092,2,1944118672;;
report_field:2.989583,3.614583,4.260417,3.791667,,ReportDate,0,Times New Roman,0,90,0,0,0,0,0,0,37,3710092,2,1944118672;;
report_line:5.010417,0.562500,5.010417,3.166667,,,0,0.000000,0,0;
report_line:5.427083,0.562500,5.427083,3.166667,,,0,0.000000,0,0;
report_line:6.197917,0.562500,6.197917,3.156250,,,0,0.000000,0,0;
report_line:6.708333,0.562500,6.708333,3.156250,,,0,0.000000,0,0;
report_line:7.260417,0.562500,7.260417,3.145833,,,0,0.000000,0,0;
report_field:0.291667,3.375000,1.604167,3.520833,,SampleID,0,Times New Roman,0,90,0,0,0,0,0,0,43,3710092,2,1944118672;;
report_field:3.010417,3.218750,4.093750,3.541667,,TestDate,0,Times New Roman,0,90,0,0,0,0,0,0,44,3710092,2,1944118672;;
