paper:793,1122;
report_line:0.187500,0.562500,8.083333,0.562500,,,0,0.000000,0,0;
report_field:0.677083,0.197917,7.208333,0.500000,,reportTitle,0,свт╡,134,240,1,0,0,0,0,1,2,3710092,2,1944118672;;
report_line:0.197917,5.208333,8.010417,5.208333,,,0,0.000000,0,0;
report_grid:0.166667,1.156250,4.135417,1.427083,,itemHead,0,0,0.000000,0,16711680,0,0.000000,0,0,0,0.000000,0,0,5,0.302083#Times New Roman#0#120#0#0#0#0#0#0#0|0.416667#Times New Roman#0#120#0#0#0#0#0#0#1|1.250000#Times New Roman#0#120#0#0#0#0#0#0#2|0.645833#Times New Roman#0#120#0#0#0#0#0#0#3|0.010417#Times New Roman#0#120#0#0#0#0#0#0#p3.1|0.500000#Times New Roman#134#120#0#0#0#0#0#0#4|1.302083#Times New Roman#134#120#0#0#0#0#0#0#5;
report_line:4.145833,1.093750,4.145833,5.208333,,,0,0.000000,0,0;
report_grid:4.187500,1.166667,8.156250,1.437500,,itemHead1,0,0,0.000000,0,16711680,0,0.000000,0,0,0,0.000000,0,0,5,0.302083#Times New Roman#0#120#0#0#0#0#0#0#0|0.416667#Times New Roman#0#120#0#0#0#0#0#0#1|1.250000#Times New Roman#0#120#0#0#0#0#0#0#2|0.645833#Times New Roman#0#120#0#0#0#0#0#0#3|0.010417#Times New Roman#0#120#0#0#0#0#0#0#p3.1|0.500000#Times New Roman#134#120#0#0#0#0#0#0#4|1.302083#Times New Roman#134#120#0#0#0#0#0#0#5;
report_line:0.135417,1.395833,8.062500,1.395833,,,0,0.000000,0,0;
report_line:0.166667,1.104167,8.062500,1.104167,,,0,0.000000,0,0;
report_grid:4.197917,1.427083,8.156250,5.187500,,item1,0,0,0.000000,0,16711680,0,0.000000,0,0,0,0.000000,0,0,5,0.302083#Times New Roman#134#120#0#0#0#0#0#0#0|0.416667#Times New Roman#134#120#0#0#0#0#0#0#1|1.250000#Times New Roman#134#120#0#0#0#0#0#0#2|0.645833#Times New Roman#134#120#0#0#0#0#0#0#3|0.010417#Times New Roman#0#120#0#0#0#0#0#0#p3.1|0.500000#Times New Roman#134#120#0#0#0#0#0#0#4|1.302083#Times New Roman#134#120#0#0#0#0#0#0#5;
report_grid:0.166667,1.416667,4.125000,5.187500,,item,0,0,0.000000,0,16711680,0,0.000000,0,0,0,0.000000,0,0,5,0.302083#Times New Roman#0#120#0#0#0#0#0#0#0|0.416667#Times New Roman#134#120#0#0#0#0#0#0#1|1.250000#Times New Roman#134#120#0#0#0#0#0#0#2|0.645833#Times New Roman#134#120#0#0#0#0#0#0#3|0.010417#Times New Roman#0#120#0#0#0#0#0#0#p3.1|0.500000#Times New Roman#134#120#0#0#0#0#0#0#4|1.302083#Times New Roman#134#120#0#0#0#0#0#0#5;
report_field:0.187500,0.593750,1.145833,0.770833,,PatientName,0,Times New Roman,134,120,0,0,0,0,0,0,11,3710092,2,1944118752;;
report_field:3.229167,0.572917,4.312500,0.750000,,PatientSex,0,Times New Roman,134,120,0,0,0,0,0,0,12,3710092,2,1944118672;;
report_field:4.375000,0.572917,5.833333,0.750000,,PatientAge,0,Times New Roman,134,120,0,0,0,0,0,0,13,3710092,2,1944118672;;
report_field:5.895833,0.572917,8.000000,0.750000,,SampleID,0,Times New Roman,134,120,0,0,0,0,0,0,14,3710092,2,1944118672;;
report_field:0.177083,0.760417,1.635417,0.916667,,RegistNo.,0,Times New Roman,134,120,0,0,0,0,0,0,15,3710092,2,1944118672;;
report_field:1.729167,0.750000,3.177083,0.927083,,Department,0,Times New Roman,134,120,0,0,0,0,0,0,16,3710092,2,1944118672;;
report_field:4.375000,0.750000,5.833333,0.927083,,Doctor,0,Times New Roman,134,120,0,0,0,0,0,0,17,3710092,2,1944118672;;
report_field:5.895833,0.750000,8.000000,0.927083,,SampleKind,0,Times New Roman,134,120,0,0,0,0,0,0,18,3710092,2,1944118672;;
report_field:4.375000,0.927083,7.937500,1.104167,,Diagsis,0,Times New Roman,134,120,0,0,0,0,0,0,19,3710092,2,1944118672;;
report_field:0.489583,0.197917,1.979167,0.375000,,Prompt,0,Times New Roman,134,120,0,0,0,0,0,0,20,3710092,2,1944118672;;
report_field:3.229167,0.750000,4.312500,0.927083,,SilkBed,0,Times New Roman,134,120,0,0,0,0,0,0,21,3710092,2,1944118672;;
report_field:0.177083,0.927083,3.239583,1.104167,,CheckDate,0,Times New Roman,134,120,0,0,0,0,0,0,22,3710092,2,1944118672;;
report_field:1.718750,0.572917,3.302083,0.739583,,Patient,0,Times New Roman,134,140,0,0,0,0,0,0,23,3710092,2,1944118672;;
report_field:6.197917,5.239583,7.854167,5.416667,,ReportDate,0,Times New Roman,134,120,0,0,0,0,0,0,24,3710092,2,1944118672;;
report_field:0.218750,5.250000,1.375000,5.437500,,Checker,0,Times New Roman,134,120,0,0,0,0,0,0,25,3710092,2,1944118672;;
report_field:1.645833,5.239583,2.687500,5.437500,,ReChecker,0,Times New Roman,134,120,0,0,0,0,0,0,26,3710092,2,1944118672;;
report_field:0.270833,5.500000,8.031250,5.791667,,Note,0,Times New Roman,134,120,0,0,0,0,0,0,27,3710092,2,1243348;;
