paper:793,1122;
report_line:0.187500,1.364583,8.083333,1.364583,,,0,0.000000,0,0;
report_field:6.364583,6.135417,8.020833,6.312500,,ReportDate,0,Times New Roman,0,120,0,0,0,0,0,0,2,3710092,2,1944118672;;
report_field:0.385417,6.145833,1.541667,6.333333,,Checker,0,Times New Roman,0,120,0,0,0,0,0,0,3,3710092,2,1944118672;;
report_line:0.197917,6.010417,8.010417,6.010417,,,0,0.000000,0,0;
report_grid:0.406250,2.010417,7.927083,2.281250,,itemHead,0,0,0.000000,0,16711680,0,0.000000,0,0,0,0.000000,0,0,5,0.520833#Times New Roman#0#120#0#0#0#0#0#0#0|0.625000#Times New Roman#0#120#0#0#0#0#0#0#1|1.458333#Times New Roman#0#120#0#0#0#0#0#0#2|0.781250#Times New Roman#0#120#0#0#0#0#0#0#3|0.781250#Times New Roman#0#120#0#0#0#0#0#0#3.1|1.562500#Times New Roman#0#120#0#0#0#0#0#0#4|1.302083#Times New Roman#0#120#0#0#0#0#0#0#5;
report_line:0.145833,1.968750,8.031250,1.968750,,,0,0.000000,0,0;
report_field:0.177083,1.427083,1.031250,1.604167,,PatientName,0,Times New Roman,0,120,0,0,0,0,0,0,7,3710092,2,1944118672;;
report_field:3.229167,1.406250,4.312500,1.583333,,PatientSex,0,Times New Roman,0,120,0,0,0,0,0,0,8,3710092,2,1944118672;;
report_field:4.375000,1.406250,5.833333,1.583333,,PatientAge,0,Times New Roman,0,120,0,0,0,0,0,0,9,3710092,2,1944118672;;
report_field:5.895833,1.406250,8.000000,1.583333,,SampleID,0,Times New Roman,0,120,0,0,0,0,0,0,10,3710092,2,1944118672;;
report_field:0.177083,1.593750,1.635417,1.770833,,RegistNo.,0,Times New Roman,0,120,0,0,0,0,0,0,11,3710092,2,1944118672;;
report_field:1.729167,1.583333,3.177083,1.760417,,Department,0,Times New Roman,0,120,0,0,0,0,0,0,12,3710092,2,1944118672;;
report_field:4.375000,1.583333,5.833333,1.760417,,Doctor,0,Times New Roman,0,120,0,0,0,0,0,0,13,3710092,2,1944118672;;
report_field:5.895833,1.583333,8.000000,1.760417,,SampleKind,0,Times New Roman,0,120,0,0,0,0,0,0,14,3710092,2,1944118672;;
report_field:4.333333,1.802083,5.500000,1.979167,,Diagsis,0,Times New Roman,0,120,0,0,0,0,0,0,15,3710092,2,1944118672;;
report_field:1.729167,1.760417,3.218750,1.937500,,Prompt,0,Times New Roman,0,120,0,0,0,0,0,0,16,3710092,2,1944118672;;
report_field:3.229167,1.583333,4.312500,1.760417,,SilkBed,0,Times New Roman,0,120,0,0,0,0,0,0,17,3710092,2,1944118672;;
report_field:0.177083,1.760417,1.635417,1.937500,,CheckDate,0,Times New Roman,0,120,0,0,0,0,0,0,18,3710092,2,1944118672;;
report_field:1.812500,6.135417,2.854167,6.333333,,ReChecker,0,Times New Roman,0,120,0,0,0,0,0,0,19,3710092,2,1944118672;;
report_field:0.427083,6.562500,6.354167,6.739583,,Note,0,Times New Roman,0,120,0,0,0,0,0,0,20,3710092,2,1944118672;;
report_field:1.718750,1.406250,3.302083,1.572917,,Patient,0,Times New Roman,0,140,1,0,0,0,0,0,21,3710092,2,1944118672;;
report_grid:0.406250,2.250000,7.937500,6.010417,,item,0,0,0.000000,0,16711680,0,0.000000,0,0,0,0.000000,0,0,5,0.520833#Times New Roman#0#120#0#0#0#0#0#0#0|0.625000#Times New Roman#0#120#0#0#0#0#0#0#1|1.458333#Times New Roman#0#120#0#0#0#0#0#0#2|0.781250#Times New Roman#0#120#0#0#0#0#0#0#3|0.781250#Times New Roman#0#120#0#0#0#0#0#0#3.1|1.562500#Times New Roman#0#120#0#0#0#0#0#0#4|1.302083#Times New Roman#0#120#0#0#0#0#0#0#5;
report_line:0.135417,2.208333,8.052083,2.208333,,,0,0.000000,0,0;
report_field:1.770833,0.145833,6.218750,0.520833,,reportTitle,0,·ÂËÎ_GB2312,134,220,1,0,0,0,0,1,24,3710092,2,1944118672;;
report_field:5.895833,1.781250,7.062500,1.958333,,TreatArea,0,Times New Roman,0,120,0,0,0,0,0,0,25,3710092,2,1944118672;;
report_field:0.375000,6.354167,1.833333,6.531250,,TestDate,0,Times New Roman,0,120,0,0,0,0,0,0,26,3710092,2,1944118672;;
report_field:0.416667,6.781250,6.343750,6.958333,,tip,0,Times New Roman,0,120,0,0,0,0,0,0,27,3710092,2,1944118672;;
report_field:0.635417,0.645833,7.541667,1.291667,,Description,0,Times New Roman,0,120,0,0,0,0,0,1,28,3710092,2,1944118672;;
